<?xml version="1.0" encoding="UTF-8"?>
<testsuite name="facens.arquiteturaweb.aula3.Aula3ApplicationTests" tests="1" skipped="0" failures="0" errors="0" timestamp="2024-03-28T23:55:53" hostname="NL500" time="1.018">
  <properties/>
  <testcase name="contextLoads()" classname="facens.arquiteturaweb.aula3.Aula3ApplicationTests" time="1.018"/>
  <system-out><![CDATA[20:55:50.529 [Test worker] INFO org.springframework.test.context.support.AnnotationConfigContextLoaderUtils -- Could not detect default configuration classes for test class [facens.arquiteturaweb.aula3.Aula3ApplicationTests]: Aula3ApplicationTests does not declare any static, non-private, non-final, nested classes annotated with @Configuration.
20:55:50.688 [Test worker] INFO org.springframework.boot.test.context.SpringBootTestContextBootstrapper -- Found @SpringBootConfiguration facens.arquiteturaweb.aula3.Aula3Application for test class facens.arquiteturaweb.aula3.Aula3ApplicationTests

  .   ____          _            __ _ _
 /\\ / ___'_ __ _ _(_)_ __  __ _ \ \ \ \
( ( )\___ | '_ | '_| | '_ \/ _` | \ \ \ \
 \\/  ___)| |_)| | | | | || (_| |  ) ) ) )
  '  |____| .__|_| |_|_| |_\__, | / / / /
 =========|_|==============|___/=/_/_/_/
 :: Spring Boot ::                (v3.2.1)

2024-03-28T20:55:51.392-03:00  INFO 15304 --- [    Test worker] f.a.aula3.Aula3ApplicationTests          : Starting Aula3ApplicationTests using Java 17.0.2 with PID 15304 (started by aluno in C:\Users\aluno.LABINFO\Desktop\arquiteturaweb-aulas)
2024-03-28T20:55:51.395-03:00  INFO 15304 --- [    Test worker] f.a.aula3.Aula3ApplicationTests          : No active profile set, falling back to 1 default profile: "default"
2024-03-28T20:55:53.493-03:00  INFO 15304 --- [    Test worker] f.a.aula3.Aula3ApplicationTests          : Started Aula3ApplicationTests in 2.478 seconds (process running for 4.052)
]]></system-out>
  <system-err><![CDATA[]]></system-err>
</testsuite>
